生成启动时间为 2016/1/19 23:22:40。
     1>项目“C:\Users\xidian\leetcode\leetcode\leetcode\leetcode.vcxproj”在节点 2 上(Build 个目标)。
     1>ClCompile:
         D:\Program Files (x86)\Microsoft Visual Studio 12.0\VC\bin\CL.exe /c /ZI /nologo /W3 /WX- /sdl /Od /Oy- /D WIN32 /D _DEBUG /D _CONSOLE /D _LIB /D _CRT_SECURE_NO_WARNINGS /D _UNICODE /D UNICODE /Gm /EHsc /RTC1 /MDd /GS /fp:precise /Zc:wchar_t /Zc:forScope /Fo"Debug\\" /Fd"Debug\vc120.pdb" /Gd /TP /analyze- /errorReport:prompt leetcode.cpp
         leetcode.cpp
     1>c:\users\xidian\leetcode\leetcode\leetcode\leethead.h(74): warning C4018: “<”: 有符号/无符号不匹配
     1>c:\users\xidian\leetcode\leetcode\leetcode\leethead.h(213): warning C4018: “<”: 有符号/无符号不匹配
     1>c:\users\xidian\leetcode\leetcode\leetcode\leethead.h(216): warning C4018: “<”: 有符号/无符号不匹配
     1>c:\users\xidian\leetcode\leetcode\leetcode\leethead.h(241): warning C4018: “<”: 有符号/无符号不匹配
     1>c:\users\xidian\leetcode\leetcode\leetcode\leethead.h(244): warning C4018: “<”: 有符号/无符号不匹配
     1>c:\users\xidian\leetcode\leetcode\leetcode\leethead.h(259): warning C4018: “<”: 有符号/无符号不匹配
     1>c:\users\xidian\leetcode\leetcode\leetcode\leethead.h(379): warning C4018: “<”: 有符号/无符号不匹配
     1>c:\users\xidian\leetcode\leetcode\leetcode\leethead.h(464): warning C4018: “<”: 有符号/无符号不匹配
     1>c:\users\xidian\leetcode\leetcode\leetcode\leethead.h(507): warning C4018: “<”: 有符号/无符号不匹配
     1>c:\users\xidian\leetcode\leetcode\leetcode\leethead.h(596): warning C4018: “<”: 有符号/无符号不匹配
     1>c:\users\xidian\leetcode\leetcode\leetcode\leethead.h(613): warning C4018: “<”: 有符号/无符号不匹配
     1>c:\users\xidian\leetcode\leetcode\leetcode\jumpfloor.h(35): warning C4244: “return”: 从“double”转换到“int”，可能丢失数据
     1>c:\users\xidian\leetcode\leetcode\leetcode\reorderarray.h(11): warning C4018: “<”: 有符号/无符号不匹配
     1>c:\users\xidian\leetcode\leetcode\leetcode\reorderarray.h(14): warning C4018: “<”: 有符号/无符号不匹配
     1>c:\users\xidian\leetcode\leetcode\leetcode\reorderarray.h(16): warning C4018: “<”: 有符号/无符号不匹配
     1>c:\users\xidian\leetcode\leetcode\leetcode\reorderarray.h(29): warning C4018: “<”: 有符号/无符号不匹配
     1>c:\users\xidian\leetcode\leetcode\leetcode\hassubtree.h(33): warning C4018: “<”: 有符号/无符号不匹配
     1>c:\users\xidian\leetcode\leetcode\leetcode\ispoporder.h(17): warning C4018: “<”: 有符号/无符号不匹配
     1>c:\users\xidian\leetcode\leetcode\leetcode\ispoporder.h(30): warning C4018: “<”: 有符号/无符号不匹配
     1>c:\users\xidian\leetcode\leetcode\leetcode\verifysequenceofbst.h(17): warning C4018: “<”: 有符号/无符号不匹配
     1>c:\users\xidian\leetcode\leetcode\leetcode\verifysequenceofbst.h(22): warning C4018: “<”: 有符号/无符号不匹配
     1>c:\users\xidian\leetcode\leetcode\leetcode\getleastknumbers.h(18): warning C4018: “<”: 有符号/无符号不匹配
     1>c:\users\xidian\leetcode\leetcode\leetcode\getleastknumbers.h(22): warning C4018: “<”: 有符号/无符号不匹配
     1>c:\users\xidian\leetcode\leetcode\leetcode\clone.h(23): error C4700: 使用了未初始化的局部变量“ptr”
     1>已完成生成项目“C:\Users\xidian\leetcode\leetcode\leetcode\leetcode.vcxproj”(Build 个目标)的操作 - 失败。

生成失败。

已用时间 00:00:01.98
